0 info it worked if it ends with ok
1 verbose cli [ 'C:\\Program Files\\nodejs\\node.exe',
1 verbose cli   'C:\\Users\\mike\\AppData\\Roaming\\npm\\node_modules\\npm\\bin\\npm-cli.js',
1 verbose cli   'install',
1 verbose cli   'internal' ]
2 info using npm@3.3.9
3 info using node@v7.6.0
4 verbose stack Error: Cannot find module 'internal/fs'
4 verbose stack     at Function.Module._resolveFilename (module.js:470:15)
4 verbose stack     at Function.Module._load (module.js:418:25)
4 verbose stack     at Module.require (module.js:498:17)
4 verbose stack     at require (internal/module.js:20:19)
4 verbose stack     at evalmachine.<anonymous>:18:20
4 verbose stack     at Object.<anonymous> (C:\Users\mike\AppData\Roaming\npm\node_modules\npm\node_modules\cmd-shim\node_modules\graceful-fs\fs.js:11:1)
4 verbose stack     at Module._compile (module.js:571:32)
4 verbose stack     at Object.Module._extensions..js (module.js:580:10)
4 verbose stack     at Module.load (module.js:488:32)
4 verbose stack     at tryModuleLoad (module.js:447:12)
5 verbose cwd D:\dev\laravel\Yir
6 error Windows_NT 10.0.10586
7 error argv "C:\\Program Files\\nodejs\\node.exe" "C:\\Users\\mike\\AppData\\Roaming\\npm\\node_modules\\npm\\bin\\npm-cli.js" "install" "internal"
8 error node v7.6.0
9 error npm  v3.3.9
10 error code MODULE_NOT_FOUND
11 error Cannot find module 'internal/fs'
12 error If you need help, you may report this error at:
12 error     <https://github.com/npm/npm/issues>
13 verbose exit [ 1, true ]
